<?xml version="1.0" encoding="UTF-8"?>
<!-- Generated by org.testng.reporters.JUnitReportReporter -->
<testsuite skipped="0" hostname="AjithL" name="testcase.Admin_Qualification_Skills" tests="1" failures="0" timestamp="2021-03-29T18:21:33 IST" time="2.599" errors="0">
  <testcase name="Skills" time="2.599" classname="testcase.Admin_Qualification_Skills"/>
</testsuite> <!-- testcase.Admin_Qualification_Skills -->
