<?xml version="1.0" encoding="UTF-8"?>
<!-- Generated by org.testng.reporters.JUnitReportReporter -->
<testsuite skipped="0" hostname="AjithL" name="testcase.Admin_Configuration_LanguagePackages" tests="1" failures="0" timestamp="2021-03-30T18:24:20 IST" time="3.757" errors="0">
  <testcase name="LanguagePackages" time="3.757" classname="testcase.Admin_Configuration_LanguagePackages"/>
</testsuite> <!-- testcase.Admin_Configuration_LanguagePackages -->
