<?xml version="1.0" encoding="UTF-8"?>
<!-- Generated by org.testng.reporters.JUnitReportReporter -->
<testsuite skipped="0" hostname="AjithL" name="testcase.Time_Attendance_Myrecord" tests="1" failures="0" timestamp="2021-04-08T12:29:05 IST" time="7.339" errors="0">
  <testcase name="Myrecord" time="7.339" classname="testcase.Time_Attendance_Myrecord"/>
</testsuite> <!-- testcase.Time_Attendance_Myrecord -->
