<?xml version="1.0" encoding="UTF-8"?>
<!-- Generated by org.testng.reporters.JUnitReportReporter -->
<testsuite skipped="0" hostname="AjithL" name="testcase.Performance_Configre_Tracker" tests="1" failures="0" timestamp="2021-04-13T09:09:50 IST" time="2.599" errors="0">
  <testcase name="Tracker" time="2.599" classname="testcase.Performance_Configre_Tracker"/>
</testsuite> <!-- testcase.Performance_Configre_Tracker -->
