<?xml version="1.0" encoding="UTF-8"?>
<!-- Generated by org.testng.reporters.JUnitReportReporter -->
<testsuite skipped="0" hostname="AjithL" name="testcase.PIM_EmployeeList" tests="1" failures="0" timestamp="2021-04-01T11:08:15 IST" time="5.116" errors="0">
  <testcase name="Employee" time="5.116" classname="testcase.PIM_EmployeeList"/>
</testsuite> <!-- testcase.PIM_EmployeeList -->
