<?xml version="1.0" encoding="UTF-8"?>
<!-- Generated by org.testng.reporters.JUnitReportReporter -->
<testsuite skipped="0" hostname="AjithL" name="testcase.Admin_Configuration_EmailConfiguration" tests="1" failures="0" timestamp="2021-03-30T17:24:01 IST" time="1.775" errors="0">
  <testcase name="EmailConfiguration" time="1.775" classname="testcase.Admin_Configuration_EmailConfiguration"/>
</testsuite> <!-- testcase.Admin_Configuration_EmailConfiguration -->
