<?xml version="1.0" encoding="UTF-8"?>
<!-- Generated by org.testng.reporters.JUnitReportReporter -->
<testsuite skipped="0" hostname="AjithL" name="testcase.PIM_Configuration_TerminationReason" tests="1" failures="0" timestamp="2021-04-01T10:22:08 IST" time="2.816" errors="0">
  <testcase name="TerminationReason" time="2.816" classname="testcase.PIM_Configuration_TerminationReason"/>
</testsuite> <!-- testcase.PIM_Configuration_TerminationReason -->
