<?xml version="1.0" encoding="UTF-8"?>
<!-- Generated by org.testng.reporters.JUnitReportReporter -->
<testsuite skipped="0" hostname="AjithL" name="testcase.Admin_Organization_Structure" tests="1" failures="0" timestamp="2021-03-29T13:58:52 IST" time="3.992" errors="0">
  <testcase name="Structure" time="3.992" classname="testcase.Admin_Organization_Structure"/>
</testsuite> <!-- testcase.Admin_Organization_Structure -->
