<?xml version="1.0" encoding="UTF-8"?>
<!-- Generated by org.testng.reporters.JUnitReportReporter -->
<testsuite skipped="0" hostname="AjithL" name="testcase.Leave_Employee_Entitlements" tests="1" failures="0" timestamp="2021-04-07T08:44:50 IST" time="3.775" errors="0">
  <testcase name="Entitlements" time="3.775" classname="testcase.Leave_Employee_Entitlements"/>
</testsuite> <!-- testcase.Leave_Employee_Entitlements -->
