<?xml version="1.0" encoding="UTF-8"?>
<!-- Generated by org.testng.reporters.JUnitReportReporter -->
<testsuite skipped="0" hostname="AjithL" name="testcase.Leve_Apply" tests="1" failures="0" timestamp="2021-04-05T11:31:01 IST" time="4.760" errors="0">
  <testcase name="LeveApply" time="4.760" classname="testcase.Leve_Apply"/>
</testsuite> <!-- testcase.Leve_Apply -->
