<?xml version="1.0" encoding="UTF-8"?>
<!-- Generated by org.testng.reporters.JUnitReportReporter -->
<testsuite skipped="0" hostname="AjithL" name="testcase.PIM_Configuration_DataImport" tests="1" failures="0" timestamp="2021-04-01T08:24:17 IST" time="3.019" errors="0">
  <testcase name="DataImport" time="3.019" classname="testcase.PIM_Configuration_DataImport"/>
</testsuite> <!-- testcase.PIM_Configuration_DataImport -->
