<?xml version="1.0" encoding="UTF-8"?>
<!-- Generated by org.testng.reporters.JUnitReportReporter -->
<testsuite skipped="0" hostname="AjithL" name="testcase.Performance_MangeReview_MyReview" tests="1" failures="0" timestamp="2021-04-13T10:12:56 IST" time="3.585" errors="0">
  <testcase name="MyReview" time="3.585" classname="testcase.Performance_MangeReview_MyReview"/>
</testsuite> <!-- testcase.Performance_MangeReview_MyReview -->
