<?xml version="1.0" encoding="UTF-8"?>
<!-- Generated by org.testng.reporters.JUnitReportReporter -->
<testsuite skipped="0" hostname="AjithL" name="testcase.PIM_Reports" tests="1" failures="0" timestamp="2021-04-01T16:57:05 IST" time="5.915" errors="0">
  <testcase name="Reports" time="5.915" classname="testcase.PIM_Reports"/>
</testsuite> <!-- testcase.PIM_Reports -->
