<?xml version="1.0" encoding="UTF-8"?>
<!-- Generated by org.testng.reporters.JUnitReportReporter -->
<testsuite skipped="0" hostname="AjithL" name="testcase.Test_Admin_Usermangement_User" tests="2" failures="0" timestamp="2021-03-26T18:11:57 IST" time="6.537" errors="0">
  <testcase name="admin" time="3.241" classname="testcase.Test_Admin_Usermangement_User"/>
  <testcase name="SystemUser" time="3.296" classname="testcase.Test_Admin_Usermangement_User"/>
</testsuite> <!-- testcase.Test_Admin_Usermangement_User -->
