<?xml version="1.0" encoding="UTF-8"?>
<!-- Generated by org.testng.reporters.JUnitReportReporter -->
<testsuite skipped="0" hostname="AjithL" name="testcase.Performance_EmployeeTrackers" tests="1" failures="0" timestamp="2021-04-13T11:15:38 IST" time="2.802" errors="0">
  <testcase name="MyReview" time="2.802" classname="testcase.Performance_EmployeeTrackers"/>
</testsuite> <!-- testcase.Performance_EmployeeTrackers -->
