<?xml version="1.0" encoding="UTF-8"?>
<!-- Generated by org.testng.reporters.JUnitReportReporter -->
<testsuite skipped="0" hostname="AjithL" name="testcase.Performance_MangeReview_ReviewList" tests="1" failures="0" timestamp="2021-04-13T10:33:57 IST" time="6.240" errors="0">
  <testcase name="ReviewList" time="6.240" classname="testcase.Performance_MangeReview_ReviewList"/>
</testsuite> <!-- testcase.Performance_MangeReview_ReviewList -->
