<?xml version="1.0" encoding="UTF-8"?>
<!-- Generated by org.testng.reporters.JUnitReportReporter -->
<testsuite skipped="0" hostname="AjithL" name="testcase.Performance_Configre_KPIs" tests="1" failures="0" timestamp="2021-04-13T08:15:22 IST" time="4.029" errors="0">
  <testcase name="KPIs" time="4.029" classname="testcase.Performance_Configre_KPIs"/>
</testsuite> <!-- testcase.Performance_Configre_KPIs -->
