<?xml version="1.0" encoding="UTF-8"?>
<!-- Generated by org.testng.reporters.JUnitReportReporter -->
<testsuite skipped="0" hostname="AjithL" name="testcase.Time_Report_EmployeeReport" tests="1" failures="0" timestamp="2021-04-09T12:47:26 IST" time="3.158" errors="0">
  <testcase name="EmployeeReport" time="3.158" classname="testcase.Time_Report_EmployeeReport"/>
</testsuite> <!-- testcase.Time_Report_EmployeeReport -->
