<?xml version="1.0" encoding="UTF-8"?>
<!-- Generated by org.testng.reporters.JUnitReportReporter -->
<testsuite skipped="0" hostname="AjithL" name="testcase.Leave_Entitlements_Addentitlements" tests="1" failures="0" timestamp="2021-04-05T14:07:52 IST" time="6.279" errors="0">
  <testcase name="Addentitlements" time="6.279" classname="testcase.Leave_Entitlements_Addentitlements"/>
</testsuite> <!-- testcase.Leave_Entitlements_Addentitlements -->
