<?xml version="1.0" encoding="UTF-8"?>
<!-- Generated by org.testng.reporters.JUnitReportReporter -->
<testsuite skipped="0" hostname="AjithL" name="testcase.Time_Report_ProjectReport" tests="1" failures="0" timestamp="2021-04-09T12:11:16 IST" time="2.520" errors="0">
  <testcase name="ProjectReport" time="2.520" classname="testcase.Time_Report_ProjectReport"/>
</testsuite> <!-- testcase.Time_Report_ProjectReport -->
