<?xml version="1.0" encoding="UTF-8"?>
<!-- Generated by org.testng.reporters.JUnitReportReporter -->
<testsuite skipped="0" hostname="AjithL" name="testcase.Leave_Configure_LeavePeriod" tests="1" failures="0" timestamp="2021-04-07T11:10:25 IST" time="2.479" errors="0">
  <testcase name="LeavePeriod" time="2.479" classname="testcase.Leave_Configure_LeavePeriod"/>
</testsuite> <!-- testcase.Leave_Configure_LeavePeriod -->
