<?xml version="1.0" encoding="UTF-8"?>
<!-- Generated by org.testng.reporters.JUnitReportReporter -->
<testsuite skipped="0" hostname="AjithL" name="testcase.Admin_Configuration_EmailSubscripition" tests="1" failures="0" timestamp="2021-03-30T18:18:33 IST" time="2.739" errors="0">
  <testcase name="EmailSubscripition" time="2.739" classname="testcase.Admin_Configuration_EmailSubscripition"/>
</testsuite> <!-- testcase.Admin_Configuration_EmailSubscripition -->
