<?xml version="1.0" encoding="UTF-8"?>
<!-- Generated by org.testng.reporters.JUnitReportReporter -->
<testsuite skipped="0" hostname="AjithL" name="testcase.Time_Projectinfo_project" tests="1" failures="0" timestamp="2021-04-12T10:21:07 IST" time="3.183" errors="0">
  <testcase name="Projectinfo_projec" time="3.183" classname="testcase.Time_Projectinfo_project"/>
</testsuite> <!-- testcase.Time_Projectinfo_project -->
