<?xml version="1.0" encoding="UTF-8"?>
<!-- Generated by org.testng.reporters.JUnitReportReporter -->
<testsuite skipped="0" hostname="AjithL" name="testcase.Admin_Qualification_Licenses" tests="1" failures="0" timestamp="2021-03-30T07:35:02 IST" time="2.620" errors="0">
  <testcase name="Licenses" time="2.620" classname="testcase.Admin_Qualification_Licenses"/>
</testsuite> <!-- testcase.Admin_Qualification_Licenses -->
