<?xml version="1.0" encoding="UTF-8"?>
<!-- Generated by org.testng.reporters.JUnitReportReporter -->
<testsuite skipped="0" hostname="AjithL" name="testcase.Admin_Qualification_Edcation" tests="1" failures="0" timestamp="2021-03-29T19:14:15 IST" time="2.680" errors="0">
  <testcase name="Edcation" time="2.680" classname="testcase.Admin_Qualification_Edcation"/>
</testsuite> <!-- testcase.Admin_Qualification_Edcation -->
