<?xml version="1.0" encoding="UTF-8"?>
<!-- Generated by org.testng.reporters.JUnitReportReporter -->
<testsuite skipped="0" hostname="AjithL" name="testcase.Admin_Configuration_Localization" tests="1" failures="0" timestamp="2021-03-30T18:31:48 IST" time="2.689" errors="0">
  <testcase name="Localization" time="2.689" classname="testcase.Admin_Configuration_Localization"/>
</testsuite> <!-- testcase.Admin_Configuration_Localization -->
