<?xml version="1.0" encoding="UTF-8"?>
<!-- Generated by org.testng.reporters.JUnitReportReporter -->
<testsuite skipped="0" hostname="AjithL" name="testcase.Admin_Qualification_Skills" tests="1" failures="0" timestamp="2021-03-29T18:47:44 IST" time="5.605" errors="0">
  <testcase name="Skills" time="5.605" classname="testcase.Admin_Qualification_Skills"/>
</testsuite> <!-- testcase.Admin_Qualification_Skills -->
