<?xml version="1.0" encoding="UTF-8"?>
<!-- Generated by org.testng.reporters.JUnitReportReporter -->
<testsuite skipped="0" hostname="AjithL" name="testcase.Admin_Job_JobTitles" tests="1" failures="0" timestamp="2021-03-26T18:11:58 IST" time="4.227" errors="0">
  <testcase name="addbtn" time="4.227" classname="testcase.Admin_Job_JobTitles"/>
</testsuite> <!-- testcase.Admin_Job_JobTitles -->
