<?xml version="1.0" encoding="UTF-8"?>
<!-- Generated by org.testng.reporters.JUnitReportReporter -->
<testsuite skipped="0" hostname="AjithL" name="testcase.Admin_Configuration_SocialMediaAuthentication" tests="1" failures="0" timestamp="2021-03-30T18:49:54 IST" time="2.510" errors="0">
  <testcase name="SocialMediaAuthentication" time="2.510" classname="testcase.Admin_Configuration_SocialMediaAuthentication"/>
</testsuite> <!-- testcase.Admin_Configuration_SocialMediaAuthentication -->
