<?xml version="1.0" encoding="UTF-8"?>
<!-- Generated by org.testng.reporters.JUnitReportReporter -->
<testsuite skipped="0" hostname="AjithL" name="testcase.Leave_Entitlements_MyEntitlements" tests="1" failures="0" timestamp="2021-04-05T15:47:46 IST" time="2.248" errors="0">
  <testcase name="MyEntitlement" time="2.248" classname="testcase.Leave_Entitlements_MyEntitlements"/>
</testsuite> <!-- testcase.Leave_Entitlements_MyEntitlements -->
