<?xml version="1.0" encoding="UTF-8"?>
<!-- Generated by org.testng.reporters.JUnitReportReporter -->
<testsuite skipped="0" hostname="AjithL" name="testcase.Admin_nationalites" tests="1" failures="0" timestamp="2021-03-30T10:47:49 IST" time="4.741" errors="0">
  <testcase name="nationalites" time="4.741" classname="testcase.Admin_nationalites"/>
</testsuite> <!-- testcase.Admin_nationalites -->
