<?xml version="1.0" encoding="UTF-8"?>
<!-- Generated by org.testng.reporters.JUnitReportReporter -->
<testsuite skipped="0" hostname="AjithL" name="testcase.Admin_Qualification_Memberships" tests="1" failures="0" timestamp="2021-03-30T09:08:02 IST" time="2.560" errors="0">
  <testcase name="Memberships" time="2.560" classname="testcase.Admin_Qualification_Memberships"/>
</testsuite> <!-- testcase.Admin_Qualification_Memberships -->
