<?xml version="1.0" encoding="UTF-8"?>
<!-- Generated by org.testng.reporters.JUnitReportReporter -->
<testsuite skipped="0" hostname="AjithL" name="testcase.Recruitment_candidates" tests="1" failures="0" timestamp="2021-04-12T13:41:03 IST" time="3.902" errors="0">
  <testcase name="candidates" time="3.902" classname="testcase.Recruitment_candidates"/>
</testsuite> <!-- testcase.Recruitment_candidates -->
