<?xml version="1.0" encoding="UTF-8"?>
<!-- Generated by org.testng.reporters.JUnitReportReporter -->
<testsuite skipped="0" hostname="AjithL" name="testcase.Admin_job_Employement_status" tests="1" failures="0" timestamp="2021-03-27T08:57:16 IST" time="11.355" errors="0">
  <testcase name="Employement_status" time="11.355" classname="testcase.Admin_job_Employement_status"/>
</testsuite> <!-- testcase.Admin_job_Employement_status -->
