<?xml version="1.0" encoding="UTF-8"?>
<!-- Generated by org.testng.reporters.JUnitReportReporter -->
<testsuite skipped="0" hostname="AjithL" name="testcase.Recruitment_vacancies" tests="1" failures="0" timestamp="2021-04-12T14:41:28 IST" time="4.190" errors="0">
  <testcase name="vacancies" time="4.190" classname="testcase.Recruitment_vacancies"/>
</testsuite> <!-- testcase.Recruitment_vacancies -->
