<?xml version="1.0" encoding="UTF-8"?>
<!-- Generated by org.testng.reporters.JUnitReportReporter -->
<testsuite skipped="0" hostname="AjithL" name="testcase.Leave_Report_LeaveEntitlementsageReport" tests="1" failures="0" timestamp="2021-04-12T11:46:32 IST" time="8.071" errors="0">
  <testcase name="LeaveEntitlementsageReport" time="8.071" classname="testcase.Leave_Report_LeaveEntitlementsageReport"/>
</testsuite> <!-- testcase.Leave_Report_LeaveEntitlementsageReport -->
