<?xml version="1.0" encoding="UTF-8"?>
<!-- Generated by org.testng.reporters.JUnitReportReporter -->
<testsuite skipped="0" hostname="AjithL" name="testcase.Time_Timesheets_EmployeeTimesheet" tests="1" failures="0" timestamp="2021-04-08T11:53:38 IST" time="5.837" errors="0">
  <testcase name="EmployeeTimesheet" time="5.837" classname="testcase.Time_Timesheets_EmployeeTimesheet"/>
</testsuite> <!-- testcase.Time_Timesheets_EmployeeTimesheet -->
