<?xml version="1.0" encoding="UTF-8"?>
<!-- Generated by org.testng.reporters.JUnitReportReporter -->
<testsuite skipped="0" hostname="AjithL" name="testcase.Performance_MyTrackers" tests="1" failures="0" timestamp="2021-04-13T10:59:52 IST" time="3.327" errors="0">
  <testcase name="MyReview" time="3.327" classname="testcase.Performance_MyTrackers"/>
</testsuite> <!-- testcase.Performance_MyTrackers -->
