<?xml version="1.0" encoding="UTF-8"?>
<!-- Generated by org.testng.reporters.JUnitReportReporter -->
<testsuite skipped="0" hostname="AjithL" name="testcase.Loginpage" tests="1" failures="0" timestamp="2021-03-19T14:26:05 IST" time="7.813" errors="0">
  <testcase name="loginpage" time="7.813" classname="testcase.Loginpage"/>
  <system-out/>
</testsuite> <!-- testcase.Loginpage -->
