<?xml version="1.0" encoding="UTF-8"?>
<!-- Generated by org.testng.reporters.JUnitReportReporter -->
<testsuite skipped="0" hostname="AjithL" name="testcase.Leave_Configure_Holidays" tests="1" failures="0" timestamp="2021-04-07T16:39:47 IST" time="10.230" errors="0">
  <testcase name="Holidays" time="10.230" classname="testcase.Leave_Configure_Holidays"/>
</testsuite> <!-- testcase.Leave_Configure_Holidays -->
