<?xml version="1.0" encoding="UTF-8"?>
<!-- Generated by org.testng.reporters.JUnitReportReporter -->
<testsuite skipped="0" hostname="AjithL" name="loginpage.LoginPage" tests="1" failures="0" timestamp="2021-03-11T13:08:36 IST" time="16.101" errors="0">
  <testcase name="page" time="16.101" classname="loginpage.LoginPage"/>
  <system-out/>
</testsuite> <!-- loginpage.LoginPage -->
