<?xml version="1.0" encoding="UTF-8"?>
<!-- Generated by org.testng.reporters.JUnitReportReporter -->
<testsuite skipped="0" hostname="AjithL" name="testcase.Time_Timesheet_MyTimeSheet" tests="1" failures="0" timestamp="2021-04-08T11:24:31 IST" time="3.179" errors="0">
  <testcase name="MyTimeSheet" time="3.179" classname="testcase.Time_Timesheet_MyTimeSheet"/>
</testsuite> <!-- testcase.Time_Timesheet_MyTimeSheet -->
