<?xml version="1.0" encoding="UTF-8"?>
<!-- Generated by org.testng.reporters.JUnitReportReporter -->
<testsuite skipped="0" hostname="AjithL" name="testcase.Admin_Job_JobCategory" tests="1" failures="0" timestamp="2021-03-27T10:43:29 IST" time="2.925" errors="0">
  <testcase name="jobCategory" time="2.925" classname="testcase.Admin_Job_JobCategory"/>
</testsuite> <!-- testcase.Admin_Job_JobCategory -->
