<?xml version="1.0" encoding="UTF-8"?>
<!-- Generated by org.testng.reporters.JUnitReportReporter -->
<testsuite skipped="0" hostname="AjithL" name="testcase.PIM_AddEmployee" tests="1" failures="0" timestamp="2021-04-01T16:12:57 IST" time="7.276" errors="0">
  <testcase name="AddEmployee" time="7.276" classname="testcase.PIM_AddEmployee"/>
</testsuite> <!-- testcase.PIM_AddEmployee -->
