<?xml version="1.0" encoding="UTF-8"?>
<!-- Generated by org.testng.reporters.JUnitReportReporter -->
<testsuite skipped="0" hostname="AjithL" name="testcase.Admin_Job_WorkShift" tests="1" failures="0" timestamp="2021-03-29T07:51:55 IST" time="2.149" errors="0">
  <testcase name="WorkShift" time="2.149" classname="testcase.Admin_Job_WorkShift"/>
</testsuite> <!-- testcase.Admin_Job_WorkShift -->
