<?xml version="1.0" encoding="UTF-8"?>
<!-- Generated by org.testng.reporters.JUnitReportReporter -->
<testsuite skipped="0" hostname="AjithL" name="testcase.Test_Admin_Usermangement_User" tests="1" failures="0" timestamp="2021-03-19T12:47:16 IST" time="12.344" errors="0">
  <testcase name="loginpage" time="12.344" classname="testcase.Test_Admin_Usermangement_User"/>
  <system-out/>
</testsuite> <!-- testcase.Test_Admin_Usermangement_User -->
