<?xml version="1.0" encoding="UTF-8"?>
<!-- Generated by org.testng.reporters.JUnitReportReporter -->
<testsuite skipped="0" hostname="AjithL" name="testcase.Time_Attendance_EmployeeRecord" tests="1" failures="0" timestamp="2021-04-09T11:17:30 IST" time="6.062" errors="0">
  <testcase name="EmployeeRecord" time="6.062" classname="testcase.Time_Attendance_EmployeeRecord"/>
</testsuite> <!-- testcase.Time_Attendance_EmployeeRecord -->
