<?xml version="1.0" encoding="UTF-8"?>
<!-- Generated by org.testng.reporters.JUnitReportReporter -->
<testsuite skipped="0" hostname="AjithL" name="testcase.Time_Projectinfo_Customer" tests="1" failures="0" timestamp="2021-04-09T15:33:54 IST" time="3.355" errors="0">
  <testcase name="Customer" time="3.355" classname="testcase.Time_Projectinfo_Customer"/>
</testsuite> <!-- testcase.Time_Projectinfo_Customer -->
