<?xml version="1.0" encoding="UTF-8"?>
<!-- Generated by org.testng.reporters.JUnitReportReporter -->
<testsuite skipped="0" hostname="AjithL" name="testcase.Performance_MangeReview_Review" tests="1" failures="0" timestamp="2021-04-13T09:46:28 IST" time="2.258" errors="0">
  <testcase name="Review" time="2.258" classname="testcase.Performance_MangeReview_Review"/>
</testsuite> <!-- testcase.Performance_MangeReview_Review -->
