<?xml version="1.0" encoding="UTF-8"?>
<!-- Generated by org.testng.reporters.JUnitReportReporter -->
<testsuite skipped="0" hostname="AjithL" name="testcase.Admin_Organization_GeneralInformation" tests="1" failures="0" timestamp="2021-03-29T09:31:40 IST" time="4.851" errors="0">
  <testcase name="Gen_information" time="4.851" classname="testcase.Admin_Organization_GeneralInformation"/>
</testsuite> <!-- testcase.Admin_Organization_GeneralInformation -->
