<?xml version="1.0" encoding="UTF-8"?>
<!-- Generated by org.testng.reporters.JUnitReportReporter -->
<testsuite skipped="0" hostname="AjithL" name="testcase.Leave_LeaveList" tests="1" failures="0" timestamp="2021-04-08T07:42:58 IST" time="4.769" errors="0">
  <testcase name="LeaveList" time="4.769" classname="testcase.Leave_LeaveList"/>
</testsuite> <!-- testcase.Leave_LeaveList -->
