<?xml version="1.0" encoding="UTF-8"?>
<!-- Generated by org.testng.reporters.JUnitReportReporter -->
<testsuite skipped="0" hostname="AjithL" name="testcase.Admin_Qualification_Language" tests="1" failures="0" timestamp="2021-03-30T08:18:31 IST" time="2.595" errors="0">
  <testcase name="Language" time="2.595" classname="testcase.Admin_Qualification_Language"/>
</testsuite> <!-- testcase.Admin_Qualification_Language -->
