<?xml version="1.0" encoding="UTF-8"?>
<!-- Generated by org.testng.reporters.JUnitReportReporter -->
<testsuite skipped="0" hostname="AjithL" name="testcase.Leave_AssignLeave" tests="1" failures="0" timestamp="2021-04-08T09:05:25 IST" time="5.804" errors="0">
  <testcase name="AssignLeave" time="5.804" classname="testcase.Leave_AssignLeave"/>
</testsuite> <!-- testcase.Leave_AssignLeave -->
