<?xml version="1.0" encoding="UTF-8"?>
<!-- Generated by org.testng.reporters.JUnitReportReporter -->
<testsuite skipped="0" hostname="AjithL" name="testcase.Time_Attendance_Configration" tests="1" failures="0" timestamp="2021-04-09T11:43:54 IST" time="2.120" errors="0">
  <testcase name="Configration" time="2.120" classname="testcase.Time_Attendance_Configration"/>
</testsuite> <!-- testcase.Time_Attendance_Configration -->
