<?xml version="1.0" encoding="UTF-8"?>
<!-- Generated by org.testng.reporters.JUnitReportReporter -->
<testsuite skipped="0" hostname="AjithL" name="testcase.PIM_Configration_CustomFiled" tests="1" failures="0" timestamp="2021-03-31T07:51:39 IST" time="2.191" errors="0">
  <testcase name="CustomFiled" time="2.191" classname="testcase.PIM_Configration_CustomFiled"/>
</testsuite> <!-- testcase.PIM_Configration_CustomFiled -->
